[2017-04-21 17:47:58.059] [DEBUG] jive-sdk - Zipping extension_src/public/apps/jivedev-quickstart/stylesheets/3rdparty/font-awesome/css/font-awesome.css to extension.zip  :  public/apps/jivedev-quickstart/stylesheets/3rdparty/font-awesome/css/font-awesome.css
[2017-04-21 17:47:58.059] [DEBUG] jive-sdk - Zipping extension_src/public/apps/jivedev-quickstart/stylesheets/3rdparty/font-awesome/css/font-awesome.min.css to extension.zip  :  public/apps/jivedev-quickstart/stylesheets/3rdparty/font-awesome/css/font-awesome.min.css
[2017-04-21 17:47:58.061] [DEBUG] jive-sdk - Zipping extension_src/public/apps/jivedev-quickstart/stylesheets/3rdparty/font-awesome/fonts/FontAwesome.otf to extension.zip  :  public/apps/jivedev-quickstart/stylesheets/3rdparty/font-awesome/fonts/FontAwesome.otf
[2017-04-21 17:47:58.061] [DEBUG] jive-sdk - Zipping extension_src/public/apps/jivedev-quickstart/stylesheets/3rdparty/font-awesome/fonts/fontawesome-webfont.eot to extension.zip  :  public/apps/jivedev-quickstart/stylesheets/3rdparty/font-awesome/fonts/fontawesome-webfont.eot
[2017-04-21 17:47:58.065] [DEBUG] jive-sdk - Zipping extension_src/public/apps/jivedev-quickstart/stylesheets/3rdparty/font-awesome/fonts/fontawesome-webfont.svg to extension.zip  :  public/apps/jivedev-quickstart/stylesheets/3rdparty/font-awesome/fonts/fontawesome-webfont.svg
[2017-04-21 17:47:58.065] [DEBUG] jive-sdk - Zipping extension_src/public/apps/jivedev-quickstart/stylesheets/3rdparty/font-awesome/fonts/fontawesome-webfont.ttf to extension.zip  :  public/apps/jivedev-quickstart/stylesheets/3rdparty/font-awesome/fonts/fontawesome-webfont.ttf
[2017-04-21 17:47:58.065] [DEBUG] jive-sdk - Zipping extension_src/public/apps/jivedev-quickstart/stylesheets/3rdparty/font-awesome/fonts/fontawesome-webfont.woff to extension.zip  :  public/apps/jivedev-quickstart/stylesheets/3rdparty/font-awesome/fonts/fontawesome-webfont.woff
[2017-04-21 17:47:58.066] [DEBUG] jive-sdk - Zipping extension_src/public/apps/jivedev-quickstart/stylesheets/3rdparty/font-awesome/fonts/fontawesome-webfont.woff2 to extension.zip  :  public/apps/jivedev-quickstart/stylesheets/3rdparty/font-awesome/fonts/fontawesome-webfont.woff2
[2017-04-21 17:47:58.066] [DEBUG] jive-sdk - Zipping extension_src/public/apps/jivedev-quickstart/stylesheets/3rdparty/font-awesome/less/animated.less to extension.zip  :  public/apps/jivedev-quickstart/stylesheets/3rdparty/font-awesome/less/animated.less
[2017-04-21 17:47:58.067] [DEBUG] jive-sdk - Zipping extension_src/public/apps/jivedev-quickstart/stylesheets/3rdparty/font-awesome/less/bordered-pulled.less to extension.zip  :  public/apps/jivedev-quickstart/stylesheets/3rdparty/font-awesome/less/bordered-pulled.less
[2017-04-21 17:47:58.067] [DEBUG] jive-sdk - Zipping extension_src/public/apps/jivedev-quickstart/stylesheets/3rdparty/font-awesome/less/core.less to extension.zip  :  public/apps/jivedev-quickstart/stylesheets/3rdparty/font-awesome/less/core.less
[2017-04-21 17:47:58.067] [DEBUG] jive-sdk - Zipping extension_src/public/apps/jivedev-quickstart/stylesheets/3rdparty/font-awesome/less/fixed-width.less to extension.zip  :  public/apps/jivedev-quickstart/stylesheets/3rdparty/font-awesome/less/fixed-width.less
[2017-04-21 17:47:58.069] [DEBUG] jive-sdk - Zipping extension_src/public/apps/jivedev-quickstart/stylesheets/3rdparty/font-awesome/less/font-awesome.less to extension.zip  :  public/apps/jivedev-quickstart/stylesheets/3rdparty/font-awesome/less/font-awesome.less
[2017-04-21 17:47:58.071] [DEBUG] jive-sdk - Zipping extension_src/public/apps/jivedev-quickstart/stylesheets/3rdparty/font-awesome/less/icons.less to extension.zip  :  public/apps/jivedev-quickstart/stylesheets/3rdparty/font-awesome/less/icons.less
[2017-04-21 17:47:58.071] [DEBUG] jive-sdk - Zipping extension_src/public/apps/jivedev-quickstart/stylesheets/3rdparty/font-awesome/less/larger.less to extension.zip  :  public/apps/jivedev-quickstart/stylesheets/3rdparty/font-awesome/less/larger.less
[2017-04-21 17:47:58.072] [DEBUG] jive-sdk - Zipping extension_src/public/apps/jivedev-quickstart/stylesheets/3rdparty/font-awesome/less/list.less to extension.zip  :  public/apps/jivedev-quickstart/stylesheets/3rdparty/font-awesome/less/list.less
[2017-04-21 17:47:58.073] [DEBUG] jive-sdk - Zipping extension_src/public/apps/jivedev-quickstart/stylesheets/3rdparty/font-awesome/less/mixins.less to extension.zip  :  public/apps/jivedev-quickstart/stylesheets/3rdparty/font-awesome/less/mixins.less
[2017-04-21 17:47:58.073] [DEBUG] jive-sdk - Zipping extension_src/public/apps/jivedev-quickstart/stylesheets/3rdparty/font-awesome/less/path.less to extension.zip  :  public/apps/jivedev-quickstart/stylesheets/3rdparty/font-awesome/less/path.less
[2017-04-21 17:47:58.073] [DEBUG] jive-sdk - Zipping extension_src/public/apps/jivedev-quickstart/stylesheets/3rdparty/font-awesome/less/rotated-flipped.less to extension.zip  :  public/apps/jivedev-quickstart/stylesheets/3rdparty/font-awesome/less/rotated-flipped.less
[2017-04-21 17:47:58.073] [DEBUG] jive-sdk - Zipping extension_src/public/apps/jivedev-quickstart/stylesheets/3rdparty/font-awesome/less/screen-reader.less to extension.zip  :  public/apps/jivedev-quickstart/stylesheets/3rdparty/font-awesome/less/screen-reader.less
[2017-04-21 17:47:58.074] [DEBUG] jive-sdk - Zipping extension_src/public/apps/jivedev-quickstart/stylesheets/3rdparty/font-awesome/less/stacked.less to extension.zip  :  public/apps/jivedev-quickstart/stylesheets/3rdparty/font-awesome/less/stacked.less
[2017-04-21 17:47:58.074] [DEBUG] jive-sdk - Zipping extension_src/public/apps/jivedev-quickstart/stylesheets/3rdparty/font-awesome/less/variables.less to extension.zip  :  public/apps/jivedev-quickstart/stylesheets/3rdparty/font-awesome/less/variables.less
[2017-04-21 17:47:58.074] [DEBUG] jive-sdk - Zipping extension_src/public/apps/jivedev-quickstart/stylesheets/3rdparty/font-awesome/scss/_animated.scss to extension.zip  :  public/apps/jivedev-quickstart/stylesheets/3rdparty/font-awesome/scss/_animated.scss
[2017-04-21 17:47:58.074] [DEBUG] jive-sdk - Zipping extension_src/public/apps/jivedev-quickstart/stylesheets/3rdparty/font-awesome/scss/_bordered-pulled.scss to extension.zip  :  public/apps/jivedev-quickstart/stylesheets/3rdparty/font-awesome/scss/_bordered-pulled.scss
[2017-04-21 17:47:58.076] [DEBUG] jive-sdk - Zipping extension_src/public/apps/jivedev-quickstart/stylesheets/3rdparty/font-awesome/scss/_core.scss to extension.zip  :  public/apps/jivedev-quickstart/stylesheets/3rdparty/font-awesome/scss/_core.scss
[2017-04-21 17:47:58.076] [DEBUG] jive-sdk - Zipping extension_src/public/apps/jivedev-quickstart/stylesheets/3rdparty/font-awesome/scss/_fixed-width.scss to extension.zip  :  public/apps/jivedev-quickstart/stylesheets/3rdparty/font-awesome/scss/_fixed-width.scss
[2017-04-21 17:47:58.077] [DEBUG] jive-sdk - Zipping extension_src/public/apps/jivedev-quickstart/stylesheets/3rdparty/font-awesome/scss/_icons.scss to extension.zip  :  public/apps/jivedev-quickstart/stylesheets/3rdparty/font-awesome/scss/_icons.scss
[2017-04-21 17:47:58.078] [DEBUG] jive-sdk - Zipping extension_src/public/apps/jivedev-quickstart/stylesheets/3rdparty/font-awesome/scss/_larger.scss to extension.zip  :  public/apps/jivedev-quickstart/stylesheets/3rdparty/font-awesome/scss/_larger.scss
[2017-04-21 17:47:58.078] [DEBUG] jive-sdk - Zipping extension_src/public/apps/jivedev-quickstart/stylesheets/3rdparty/font-awesome/scss/_list.scss to extension.zip  :  public/apps/jivedev-quickstart/stylesheets/3rdparty/font-awesome/scss/_list.scss
[2017-04-21 17:47:58.078] [DEBUG] jive-sdk - Zipping extension_src/public/apps/jivedev-quickstart/stylesheets/3rdparty/font-awesome/scss/_mixins.scss to extension.zip  :  public/apps/jivedev-quickstart/stylesheets/3rdparty/font-awesome/scss/_mixins.scss
[2017-04-21 17:47:58.079] [DEBUG] jive-sdk - Zipping extension_src/public/apps/jivedev-quickstart/stylesheets/3rdparty/font-awesome/scss/_path.scss to extension.zip  :  public/apps/jivedev-quickstart/stylesheets/3rdparty/font-awesome/scss/_path.scss
[2017-04-21 17:47:58.079] [DEBUG] jive-sdk - Zipping extension_src/public/apps/jivedev-quickstart/stylesheets/3rdparty/font-awesome/scss/_rotated-flipped.scss to extension.zip  :  public/apps/jivedev-quickstart/stylesheets/3rdparty/font-awesome/scss/_rotated-flipped.scss
[2017-04-21 17:47:58.080] [DEBUG] jive-sdk - Zipping extension_src/public/apps/jivedev-quickstart/stylesheets/3rdparty/font-awesome/scss/_screen-reader.scss to extension.zip  :  public/apps/jivedev-quickstart/stylesheets/3rdparty/font-awesome/scss/_screen-reader.scss
[2017-04-21 17:47:58.081] [DEBUG] jive-sdk - Zipping extension_src/public/apps/jivedev-quickstart/stylesheets/3rdparty/font-awesome/scss/_stacked.scss to extension.zip  :  public/apps/jivedev-quickstart/stylesheets/3rdparty/font-awesome/scss/_stacked.scss
[2017-04-21 17:47:58.082] [DEBUG] jive-sdk - Zipping extension_src/public/apps/jivedev-quickstart/stylesheets/3rdparty/font-awesome/scss/_variables.scss to extension.zip  :  public/apps/jivedev-quickstart/stylesheets/3rdparty/font-awesome/scss/_variables.scss
[2017-04-21 17:47:58.083] [DEBUG] jive-sdk - Zipping extension_src/public/apps/jivedev-quickstart/stylesheets/3rdparty/font-awesome/scss/font-awesome.css to extension.zip  :  public/apps/jivedev-quickstart/stylesheets/3rdparty/font-awesome/scss/font-awesome.css
[2017-04-21 17:47:58.087] [DEBUG] jive-sdk - Zipping extension_src/public/apps/jivedev-quickstart/stylesheets/3rdparty/font-awesome/scss/font-awesome.scss to extension.zip  :  public/apps/jivedev-quickstart/stylesheets/3rdparty/font-awesome/scss/font-awesome.scss
[2017-04-21 17:47:58.562] [INFO] jive-sdk - Updated 1 data file(s): [jiveExtension]
